c:\src\projectmountainparent\projectmountain\projectmountain\debug\projectmountain.pch
c:\src\projectmountainparent\projectmountain\projectmountain\debug\vc120.pdb
c:\src\projectmountainparent\projectmountain\projectmountain\debug\vc120.idb
c:\src\projectmountainparent\projectmountain\projectmountain\debug\stdafx.obj
c:\src\projectmountainparent\projectmountain\projectmountain\debug\camera.obj
c:\src\projectmountainparent\projectmountain\projectmountain\debug\character.obj
c:\src\projectmountainparent\projectmountain\projectmountain\debug\gob.obj
c:\src\projectmountainparent\projectmountain\projectmountain\debug\ingame.obj
c:\src\projectmountainparent\projectmountain\projectmountain\debug\inmainmenu.obj
c:\src\projectmountainparent\projectmountain\projectmountain\debug\painter.obj
c:\src\projectmountainparent\projectmountain\projectmountain\debug\projectmountain.obj
c:\src\projectmountainparent\projectmountain\projectmountain\debug\sdlcontroller.obj
c:\src\projectmountainparent\projectmountain\projectmountain\debug\spritebank.obj
c:\src\projectmountainparent\projectmountain\projectmountain\debug\spritedata.obj
c:\src\projectmountainparent\projectmountain\projectmountain\debug\statemachine.obj
c:\src\projectmountainparent\projectmountain\projectmountain\debug\mainexec.obj
c:\src\projectmountainparent\projectmountain\debug\projectmountain.exe
c:\src\projectmountainparent\projectmountain\debug\projectmountain.pdb
c:\src\projectmountainparent\projectmountain\projectmountain\debug\projectmountain.tlog\cl.command.1.tlog
c:\src\projectmountainparent\projectmountain\projectmountain\debug\projectmountain.tlog\cl.read.1.tlog
c:\src\projectmountainparent\projectmountain\projectmountain\debug\projectmountain.tlog\cl.write.1.tlog
c:\src\projectmountainparent\projectmountain\projectmountain\debug\projectmountain.tlog\link.command.1.tlog
c:\src\projectmountainparent\projectmountain\projectmountain\debug\projectmountain.tlog\link.read.1.tlog
c:\src\projectmountainparent\projectmountain\projectmountain\debug\projectmountain.tlog\link.write.1.tlog
