Build started 5/10/2015 9:42:10 PM.
     1>Project "C:\src\ProjectMountainParent\ProjectMountain\ProjectMountain\ProjectMountain.vcxproj" on node 2 (Build target(s)).
     1>ClCompile:
         C:\Program Files (x86)\Microsoft Visual Studio 12.0\VC\bin\CL.exe /c /IC:\src\ProjectMountainParent\ProjectMountain\ProjectMountain /IC:\src\ProjectMountainParent\Libraries\jsoncpp /I"C:\src\ProjectMountainParent\Libraries\SDL2_ttf-2.0.12\include" /I"C:\src\ProjectMountainParent\Libraries\SDL2_mixer-2.0.0\include" /I"C:\src\ProjectMountainParent\Libraries\SDL2_image-2.0.0\include" /IC:\src\ProjectMountainParent\Libraries\SDL2\include /ZI /nologo /W3 /WX- /sdl /Od /Oy- /D WIN32 /D _DEBUG /D _CONSOLE /D _LIB /D _UNICODE /D UNICODE /Gm /EHsc /RTC1 /MDd /GS /fp:precise /Zc:wchar_t /Zc:forScope /Yu"stdafx.h" /Fp"Debug\ProjectMountain.pch" /Fo"Debug\\" /Fd"Debug\vc120.pdb" /Gd /TP /analyze- /errorReport:prompt InGame.cpp InMainMenu.cpp MainExec.cpp ProjectMountain.cpp StateMachine.cpp
         InGame.cpp
         Generating Code...
         Compiling...
         StateMachine.cpp
         MainExec.cpp
     1>c:\src\projectmountainparent\projectmountain\projectmountain\mainexec.cpp(20): warning C4018: '<' : signed/unsigned mismatch
         InMainMenu.cpp
         Generating Code...
         Skipping... (no relevant changes detected)
         ProjectMountain.cpp
       Link:
         C:\Program Files (x86)\Microsoft Visual Studio 12.0\VC\bin\link.exe /ERRORREPORT:PROMPT /OUT:"C:\src\ProjectMountainParent\ProjectMountain\Debug\ProjectMountain.exe" /INCREMENTAL:NO /NOLOGO /LIBPATH:"C:\src\ProjectMountainParent\Libraries\SDL2_ttf-2.0.12\lib\x86" /LIBPATH:"C:\src\ProjectMountainParent\Libraries\SDL2_mixer-2.0.0\lib\x86" /LIBPATH:"C:\src\ProjectMountainParent\Libraries\SDL2_image-2.0.0\lib\x86" /LIBPATH:C:\src\ProjectMountainParent\Libraries\SDL2\lib\x86 SDL2.lib SDL2main.lib SDL2_image.lib SDL2_mixer.lib SDL2_ttf.lib kernel32.lib user32.lib gdi32.lib winspool.lib comdlg32.lib advapi32.lib shell32.lib ole32.lib oleaut32.lib uuid.lib odbc32.lib odbccp32.lib /MANIFEST /MANIFESTUAC:"level='asInvoker' uiAccess='false'" /manifest:embed /DEBUG /PDB:"C:\src\ProjectMountainParent\ProjectMountain\Debug\ProjectMountain.pdb" /SUBSYSTEM:CONSOLE /TLBID:1 /DYNAMICBASE /NXCOMPAT /IMPLIB:"C:\src\ProjectMountainParent\ProjectMountain\Debug\ProjectMountain.lib" /MACHINE:X86 Debug\Camera.obj
         Debug\Character.obj
         Debug\Gob.obj
         Debug\InGame.obj
         Debug\InMainMenu.obj
         Debug\MainExec.obj
         Debug\Painter.obj
         Debug\ProjectMountain.obj
         Debug\SDLController.obj
         Debug\SpriteBank.obj
         Debug\SpriteData.obj
         Debug\StateMachine.obj
         Debug\stdafx.obj
     1>Camera.obj : warning LNK4075: ignoring '/EDITANDCONTINUE' due to '/OPT:LBR' specification
     1>MSVCRTD.lib(cinitexe.obj) : warning LNK4098: defaultlib 'msvcrt.lib' conflicts with use of other libs; use /NODEFAULTLIB:library
         ProjectMountain.vcxproj -> C:\src\ProjectMountainParent\ProjectMountain\Debug\ProjectMountain.exe
     1>Done Building Project "C:\src\ProjectMountainParent\ProjectMountain\ProjectMountain\ProjectMountain.vcxproj" (Build target(s)).

Build succeeded.

Time Elapsed 00:00:01.68
